build/app/outputs/logs/manifest-merger-development-debug-report.txt
-- Merging decision tree log ---
application
INJECTED from src/main/AndroidManifest.xml:15:5-45:19
INJECTED from src/main/AndroidManifest.xml:15:5-45:19
INJECTED from src/debug/AndroidManifest.xml
MERGED from [:image_picker_android] AndroidManifest.xml:8:5-32:19
MERGED from [:image_picker_android] AndroidManifest.xml:8:5-32:19
MERGED from [:url_launcher_android] AndroidManifest.xml:7:5-12:19
MERGED from [:url_launcher_android] AndroidManifest.xml:7:5-12:19
MERGED from [androidx.lifecycle:lifecycle-process:2.8.7] AndroidManifest.xml:23:5-33:19
MERGED from [androidx.lifecycle:lifecycle-process:2.8.7] AndroidManifest.xml:23:5-33:19
MERGED from [androidx.window:window:1.2.0] AndroidManifest.xml:22:5-29:19
MERGED from [androidx.window:window:1.2.0] AndroidManifest.xml:22:5-29:19
MERGED from [androidx.core:core:1.15.0] AndroidManifest.xml:28:5-89
MERGED from [androidx.core:core:1.15.0] AndroidManifest.xml:28:5-89
MERGED from [androidx.profileinstaller:profileinstaller:1.3.1] AndroidManifest.xml:23:5-53:19
MERGED from [androidx.profileinstaller:profileinstaller:1.3.1] AndroidManifest.xml:23:5-53:19
MERGED from [androidx.startup:startup-runtime:1.1.1] AndroidManifest.xml:25:5-31:19
MERGED from [androidx.startup:startup-runtime:1.1.1] AndroidManifest.xml:25:5-31:19
MERGED from [androidx.versionedparcelable:versionedparcelable:1.1.1] AndroidManifest.xml:24:5-25:19
MERGED from [androidx.versionedparcelable:versionedparcelable:1.1.1] AndroidManifest.xml:24:5-25:19
	android:extractNativeLibs
		INJECTED from src/debug/AndroidManifest.xml
	android:appComponentFactory
		ADDED from [androidx.core:core:1.15.0] AndroidManifest.xml:28:18-86
	android:label
		INJECTED from src/main/AndroidManifest.xml
	android:name
		INJECTED from src/main/AndroidManifest.xml
manifest
ADDED from src/main/AndroidManifest.xml:1:1-46:12
MERGED from src/main/AndroidManifest.xml:1:1-46:12
INJECTED from src/debug/AndroidManifest.xml:1:1-7:12
INJECTED from src/debug/AndroidManifest.xml:1:1-7:12
INJECTED from src/debug/AndroidManifest.xml:1:1-7:12
MERGED from [:device_info_plus] AndroidManifest.xml:2:1-7:12
MERGED from [:file_picker] AndroidManifest.xml:2:1-15:12
MERGED from [:image_picker_android] AndroidManifest.xml:2:1-34:12
MERGED from [:flutter_plugin_android_lifecycle] AndroidManifest.xml:2:1-7:12
MERGED from [:flutter_secure_storage] AndroidManifest.xml:2:1-10:12
MERGED from [:fluttertoast] AndroidManifest.xml:2:1-7:12
MERGED from [:package_info_plus] AndroidManifest.xml:2:1-7:12
MERGED from [:path_provider_android] AndroidManifest.xml:2:1-7:12
MERGED from [:permission_handler_android] AndroidManifest.xml:2:1-7:12
MERGED from [:shared_preferences_android] AndroidManifest.xml:2:1-7:12
MERGED from [:sqflite] AndroidManifest.xml:2:1-7:12
MERGED from [:url_launcher_android] AndroidManifest.xml:2:1-14:12
MERGED from [androidx.fragment:fragment:1.7.1] AndroidManifest.xml:2:1-7:12
MERGED from [androidx.activity:activity:1.9.3] AndroidManifest.xml:17:1-22:12
MERGED from [androidx.loader:loader:1.0.0] AndroidManifest.xml:17:1-22:12
MERGED from [androidx.savedstate:savedstate:1.2.1] AndroidManifest.xml:17:1-22:12
MERGED from [androidx.lifecycle:lifecycle-livedata-core-ktx:2.8.7] AndroidManifest.xml:2:1-7:12
MERGED from [androidx.lifecycle:lifecycle-viewmodel:2.8.7] AndroidManifest.xml:2:1-5:12
MERGED from [androidx.lifecycle:lifecycle-viewmodel-android:2.8.7] AndroidManifest.xml:17:1-22:12
MERGED from [androidx.lifecycle:lifecycle-livedata:2.8.7] AndroidManifest.xml:17:1-22:12
MERGED from [androidx.lifecycle:lifecycle-process:2.8.7] AndroidManifest.xml:17:1-35:12
MERGED from [androidx.lifecycle:lifecycle-livedata-core:2.8.7] AndroidManifest.xml:17:1-22:12
MERGED from [androidx.lifecycle:lifecycle-runtime-android:2.8.7] AndroidManifest.xml:17:1-22:12
MERGED from [androidx.lifecycle:lifecycle-viewmodel-savedstate:2.8.7] AndroidManifest.xml:17:1-22:12
MERGED from [androidx.core:core-ktx:1.15.0] AndroidManifest.xml:2:1-7:12
MERGED from [androidx.browser:browser:1.8.0] AndroidManifest.xml:2:1-7:12
MERGED from [androidx.window:window:1.2.0] AndroidManifest.xml:17:1-31:12
MERGED from [androidx.window:window-java:1.2.0] AndroidManifest.xml:17:1-21:12
MERGED from [androidx.viewpager:viewpager:1.0.0] AndroidManifest.xml:17:1-22:12
MERGED from [androidx.customview:customview:1.0.0] AndroidManifest.xml:17:1-22:12
MERGED from [androidx.core:core:1.15.0] AndroidManifest.xml:17:1-30:12
MERGED from [androidx.datastore:datastore-preferences:1.0.0] AndroidManifest.xml:17:1-24:12
MERGED from [androidx.datastore:datastore:1.0.0] AndroidManifest.xml:17:1-24:12
MERGED from [androidx.annotation:annotation-experimental:1.4.1] AndroidManifest.xml:2:1-7:12
MERGED from [androidx.security:security-crypto:1.1.0-alpha06] AndroidManifest.xml:17:1-22:12
MERGED from [androidx.exifinterface:exifinterface:1.3.7] AndroidManifest.xml:17:1-24:12
MERGED from [androidx.profileinstaller:profileinstaller:1.3.1] AndroidManifest.xml:17:1-55:12
MERGED from [androidx.startup:startup-runtime:1.1.1] AndroidManifest.xml:17:1-33:12
MERGED from [androidx.tracing:tracing:1.2.0] AndroidManifest.xml:17:1-22:12
MERGED from [androidx.interpolator:interpolator:1.0.0] AndroidManifest.xml:17:1-22:12
MERGED from [androidx.versionedparcelable:versionedparcelable:1.1.1] AndroidManifest.xml:17:1-27:12
MERGED from [androidx.arch.core:core-runtime:2.2.0] AndroidManifest.xml:17:1-22:12
MERGED from [androidx.window.extensions.core:core:1.0.0] AndroidManifest.xml:2:1-7:12
MERGED from [com.getkeepsafe.relinker:relinker:1.4.5] AndroidManifest.xml:2:1-7:12
	package
		INJECTED from src/debug/AndroidManifest.xml
	android:versionName
		INJECTED from src/debug/AndroidManifest.xml
	android:versionCode
		INJECTED from src/debug/AndroidManifest.xml
	xmlns:android
		ADDED from src/main/AndroidManifest.xml:1:11-69
uses-permission#android.permission.INTERNET
ADDED from src/main/AndroidManifest.xml:2:5-67
MERGED from src/main/AndroidManifest.xml:2:5-67
MERGED from src/main/AndroidManifest.xml:2:5-67
	android:name
		ADDED from src/main/AndroidManifest.xml:2:22-64
uses-permission#android.permission.CAMERA
ADDED from src/main/AndroidManifest.xml:3:5-65
	android:name
		ADDED from src/main/AndroidManifest.xml:3:22-62
uses-permission#android.permission.BLUETOOTH
ADDED from src/main/AndroidManifest.xml:6:5-68
	android:name
		ADDED from src/main/AndroidManifest.xml:6:22-65
uses-permission#android.permission.BLUETOOTH_ADMIN
ADDED from src/main/AndroidManifest.xml:7:5-74
	android:name
		ADDED from src/main/AndroidManifest.xml:7:22-71
uses-permission#android.permission.ACCESS_COARSE_LOCATION
ADDED from src/main/AndroidManifest.xml:8:5-81
	android:name
		ADDED from src/main/AndroidManifest.xml:8:22-78
uses-permission#android.permission.ACCESS_FINE_LOCATION
ADDED from src/main/AndroidManifest.xml:9:5-79
	android:name
		ADDED from src/main/AndroidManifest.xml:9:22-76
uses-permission#android.permission.BLUETOOTH_SCAN
ADDED from src/main/AndroidManifest.xml:12:5-120
	android:usesPermissionFlags
		ADDED from src/main/AndroidManifest.xml:12:71-117
	android:name
		ADDED from src/main/AndroidManifest.xml:12:22-70
uses-permission#android.permission.BLUETOOTH_CONNECT
ADDED from src/main/AndroidManifest.xml:13:5-76
	android:name
		ADDED from src/main/AndroidManifest.xml:13:22-73
uses-permission#android.permission.BLUETOOTH_ADVERTISE
ADDED from src/main/AndroidManifest.xml:14:5-78
	android:name
		ADDED from src/main/AndroidManifest.xml:14:22-75
uses-sdk
INJECTED from src/debug/AndroidManifest.xml reason: use-sdk injection requested
INJECTED from src/debug/AndroidManifest.xml
INJECTED from src/debug/AndroidManifest.xml
MERGED from [:device_info_plus] AndroidManifest.xml:5:5-44
MERGED from [:device_info_plus] AndroidManifest.xml:5:5-44
MERGED from [:file_picker] AndroidManifest.xml:5:5-44
MERGED from [:file_picker] AndroidManifest.xml:5:5-44
MERGED from [:image_picker_android] AndroidManifest.xml:6:5-44
MERGED from [:image_picker_android] AndroidManifest.xml:6:5-44
MERGED from [:flutter_plugin_android_lifecycle] AndroidManifest.xml:5:5-44
MERGED from [:flutter_plugin_android_lifecycle] AndroidManifest.xml:5:5-44
MERGED from [:flutter_secure_storage] AndroidManifest.xml:6:5-8:53
MERGED from [:flutter_secure_storage] AndroidManifest.xml:6:5-8:53
MERGED from [:fluttertoast] AndroidManifest.xml:5:5-44
MERGED from [:fluttertoast] AndroidManifest.xml:5:5-44
MERGED from [:package_info_plus] AndroidManifest.xml:5:5-44
MERGED from [:package_info_plus] AndroidManifest.xml:5:5-44
MERGED from [:path_provider_android] AndroidManifest.xml:5:5-44
MERGED from [:path_provider_android] AndroidManifest.xml:5:5-44
MERGED from [:permission_handler_android] AndroidManifest.xml:5:5-44
MERGED from [:permission_handler_android] AndroidManifest.xml:5:5-44
MERGED from [:shared_preferences_android] AndroidManifest.xml:5:5-44
MERGED from [:shared_preferences_android] AndroidManifest.xml:5:5-44
MERGED from [:sqflite] AndroidManifest.xml:5:5-44
MERGED from [:sqflite] AndroidManifest.xml:5:5-44
MERGED from [:url_launcher_android] AndroidManifest.xml:5:5-44
MERGED from [:url_launcher_android] AndroidManifest.xml:5:5-44
MERGED from [androidx.fragment:fragment:1.7.1] AndroidManifest.xml:5:5-44
MERGED from [androidx.fragment:fragment:1.7.1] AndroidManifest.xml:5:5-44
MERGED from [androidx.activity:activity:1.9.3] AndroidManifest.xml:20:5-44
MERGED from [androidx.activity:activity:1.9.3] AndroidManifest.xml:20:5-44
MERGED from [androidx.loader:loader:1.0.0] AndroidManifest.xml:20:5-44
MERGED from [androidx.loader:loader:1.0.0] AndroidManifest.xml:20:5-44
MERGED from [androidx.savedstate:savedstate:1.2.1] AndroidManifest.xml:20:5-44
MERGED from [androidx.savedstate:savedstate:1.2.1] AndroidManifest.xml:20:5-44
MERGED from [androidx.lifecycle:lifecycle-livedata-core-ktx:2.8.7] AndroidManifest.xml:5:5-44
MERGED from [androidx.lifecycle:lifecycle-livedata-core-ktx:2.8.7] AndroidManifest.xml:5:5-44
MERGED from [androidx.lifecycle:lifecycle-viewmodel:2.8.7] AndroidManifest.xml:4:5-43
MERGED from [androidx.lifecycle:lifecycle-viewmodel:2.8.7] AndroidManifest.xml:4:5-43
MERGED from [androidx.lifecycle:lifecycle-viewmodel-android:2.8.7] AndroidManifest.xml:20:5-44
MERGED from [androidx.lifecycle:lifecycle-viewmodel-android:2.8.7] AndroidManifest.xml:20:5-44
MERGED from [androidx.lifecycle:lifecycle-livedata:2.8.7] AndroidManifest.xml:20:5-44
MERGED from [androidx.lifecycle:lifecycle-livedata:2.8.7] AndroidManifest.xml:20:5-44
MERGED from [androidx.lifecycle:lifecycle-process:2.8.7] AndroidManifest.xml:21:5-44
MERGED from [androidx.lifecycle:lifecycle-process:2.8.7] AndroidManifest.xml:21:5-44
MERGED from [androidx.lifecycle:lifecycle-livedata-core:2.8.7] AndroidManifest.xml:20:5-44
MERGED from [androidx.lifecycle:lifecycle-livedata-core:2.8.7] AndroidManifest.xml:20:5-44
MERGED from [androidx.lifecycle:lifecycle-runtime-android:2.8.7] AndroidManifest.xml:20:5-44
MERGED from [androidx.lifecycle:lifecycle-runtime-android:2.8.7] AndroidManifest.xml:20:5-44
MERGED from [androidx.lifecycle:lifecycle-viewmodel-savedstate:2.8.7] AndroidManifest.xml:20:5-44
MERGED from [androidx.lifecycle:lifecycle-viewmodel-savedstate:2.8.7] AndroidManifest.xml:20:5-44
MERGED from [androidx.core:core-ktx:1.15.0] AndroidManifest.xml:5:5-44
MERGED from [androidx.core:core-ktx:1.15.0] AndroidManifest.xml:5:5-44
MERGED from [androidx.browser:browser:1.8.0] AndroidManifest.xml:5:5-44
MERGED from [androidx.browser:browser:1.8.0] AndroidManifest.xml:5:5-44
MERGED from [androidx.window:window:1.2.0] AndroidManifest.xml:20:5-44
MERGED from [androidx.window:window:1.2.0] AndroidManifest.xml:20:5-44
MERGED from [androidx.window:window-java:1.2.0] AndroidManifest.xml:19:5-44
MERGED from [androidx.window:window-java:1.2.0] AndroidManifest.xml:19:5-44
MERGED from [androidx.viewpager:viewpager:1.0.0] AndroidManifest.xml:20:5-44
MERGED from [androidx.viewpager:viewpager:1.0.0] AndroidManifest.xml:20:5-44
MERGED from [androidx.customview:customview:1.0.0] AndroidManifest.xml:20:5-44
MERGED from [androidx.customview:customview:1.0.0] AndroidManifest.xml:20:5-44
MERGED from [androidx.core:core:1.15.0] AndroidManifest.xml:20:5-44
MERGED from [androidx.core:core:1.15.0] AndroidManifest.xml:20:5-44
MERGED from [androidx.datastore:datastore-preferences:1.0.0] AndroidManifest.xml:20:5-22:41
MERGED from [androidx.datastore:datastore-preferences:1.0.0] AndroidManifest.xml:20:5-22:41
MERGED from [androidx.datastore:datastore:1.0.0] AndroidManifest.xml:20:5-22:41
MERGED from [androidx.datastore:datastore:1.0.0] AndroidManifest.xml:20:5-22:41
MERGED from [androidx.annotation:annotation-experimental:1.4.1] AndroidManifest.xml:5:5-44
MERGED from [androidx.annotation:annotation-experimental:1.4.1] AndroidManifest.xml:5:5-44
MERGED from [androidx.security:security-crypto:1.1.0-alpha06] AndroidManifest.xml:20:5-44
MERGED from [androidx.security:security-crypto:1.1.0-alpha06] AndroidManifest.xml:20:5-44
MERGED from [androidx.exifinterface:exifinterface:1.3.7] AndroidManifest.xml:20:5-22:41
MERGED from [androidx.exifinterface:exifinterface:1.3.7] AndroidManifest.xml:20:5-22:41
MERGED from [androidx.profileinstaller:profileinstaller:1.3.1] AndroidManifest.xml:21:5-44
MERGED from [androidx.profileinstaller:profileinstaller:1.3.1] AndroidManifest.xml:21:5-44
MERGED from [androidx.startup:startup-runtime:1.1.1] AndroidManifest.xml:21:5-23:41
MERGED from [androidx.startup:startup-runtime:1.1.1] AndroidManifest.xml:21:5-23:41
MERGED from [androidx.tracing:tracing:1.2.0] AndroidManifest.xml:20:5-44
MERGED from [androidx.tracing:tracing:1.2.0] AndroidManifest.xml:20:5-44
MERGED from [androidx.interpolator:interpolator:1.0.0] AndroidManifest.xml:20:5-44
MERGED from [androidx.interpolator:interpolator:1.0.0] AndroidManifest.xml:20:5-44
MERGED from [androidx.versionedparcelable:versionedparcelable:1.1.1] AndroidManifest.xml:20:5-22:41
MERGED from [androidx.versionedparcelable:versionedparcelable:1.1.1] AndroidManifest.xml:20:5-22:41
MERGED from [androidx.arch.core:core-runtime:2.2.0] AndroidManifest.xml:20:5-44
MERGED from [androidx.arch.core:core-runtime:2.2.0] AndroidManifest.xml:20:5-44
MERGED from [androidx.window.extensions.core:core:1.0.0] AndroidManifest.xml:5:5-44
MERGED from [androidx.window.extensions.core:core:1.0.0] AndroidManifest.xml:5:5-44
MERGED from [com.getkeepsafe.relinker:relinker:1.4.5] AndroidManifest.xml:5:5-43
MERGED from [com.getkeepsafe.relinker:relinker:1.4.5] AndroidManifest.xml:5:5-43
	tools:overrideLibrary
		ADDED from [:flutter_secure_storage] AndroidManifest.xml:8:9-50
	android:targetSdkVersion
		INJECTED from src/debug/AndroidManifest.xml
	android:minSdkVersion
		INJECTED from src/debug/AndroidManifest.xml
queries
ADDED from [:file_picker] AndroidManifest.xml:7:5-13:15
intent#action:name:android.intent.action.GET_CONTENT+data:mimeType:*/*
ADDED from [:file_picker] AndroidManifest.xml:8:9-12:18
action#android.intent.action.GET_CONTENT
ADDED from [:file_picker] AndroidManifest.xml:9:13-72
	android:name
		ADDED from [:file_picker] AndroidManifest.xml:9:21-69
data
ADDED from [:file_picker] AndroidManifest.xml:11:13-44
	android:mimeType
		ADDED from [:file_picker] AndroidManifest.xml:11:19-41
provider#io.flutter.plugins.imagepicker.ImagePickerFileProvider
ADDED from [:image_picker_android] AndroidManifest.xml:9:9-17:20
	android:grantUriPermissions
		ADDED from [:image_picker_android] AndroidManifest.xml:13:13-47
	android:authorities
		ADDED from [:image_picker_android] AndroidManifest.xml:11:13-74
	android:exported
		ADDED from [:image_picker_android] AndroidManifest.xml:12:13-37
	android:name
		ADDED from [:image_picker_android] AndroidManifest.xml:10:13-82
meta-data#android.support.FILE_PROVIDER_PATHS
ADDED from [:image_picker_android] AndroidManifest.xml:14:13-16:75
	android:resource
		ADDED from [:image_picker_android] AndroidManifest.xml:16:17-72
	android:name
		ADDED from [:image_picker_android] AndroidManifest.xml:15:17-67
service#com.google.android.gms.metadata.ModuleDependencies
ADDED from [:image_picker_android] AndroidManifest.xml:19:9-31:19
	android:enabled
		ADDED from [:image_picker_android] AndroidManifest.xml:21:13-36
	android:exported
		ADDED from [:image_picker_android] AndroidManifest.xml:22:13-37
	tools:ignore
		ADDED from [:image_picker_android] AndroidManifest.xml:23:13-40
	android:name
		ADDED from [:image_picker_android] AndroidManifest.xml:20:13-78
intent-filter#action:name:com.google.android.gms.metadata.MODULE_DEPENDENCIES
ADDED from [:image_picker_android] AndroidManifest.xml:24:13-26:29
action#com.google.android.gms.metadata.MODULE_DEPENDENCIES
ADDED from [:image_picker_android] AndroidManifest.xml:25:17-94
	android:name
		ADDED from [:image_picker_android] AndroidManifest.xml:25:25-91
meta-data#photopicker_activity:0:required
ADDED from [:image_picker_android] AndroidManifest.xml:28:13-30:36
	android:value
		ADDED from [:image_picker_android] AndroidManifest.xml:30:17-33
	android:name
		ADDED from [:image_picker_android] AndroidManifest.xml:29:17-63
activity#io.flutter.plugins.urllauncher.WebViewActivity
ADDED from [:url_launcher_android] AndroidManifest.xml:8:9-11:74
	android:exported
		ADDED from [:url_launcher_android] AndroidManifest.xml:10:13-37
	android:theme
		ADDED from [:url_launcher_android] AndroidManifest.xml:11:13-71
	android:name
		ADDED from [:url_launcher_android] AndroidManifest.xml:9:13-74
provider#androidx.startup.InitializationProvider
ADDED from [androidx.lifecycle:lifecycle-process:2.8.7] AndroidManifest.xml:24:9-32:20
MERGED from [androidx.profileinstaller:profileinstaller:1.3.1] AndroidManifest.xml:24:9-32:20
MERGED from [androidx.profileinstaller:profileinstaller:1.3.1] AndroidManifest.xml:24:9-32:20
MERGED from [androidx.startup:startup-runtime:1.1.1] AndroidManifest.xml:26:9-30:34
MERGED from [androidx.startup:startup-runtime:1.1.1] AndroidManifest.xml:26:9-30:34
	tools:node
		ADDED from [androidx.lifecycle:lifecycle-process:2.8.7] AndroidManifest.xml:28:13-31
	android:authorities
		ADDED from [androidx.lifecycle:lifecycle-process:2.8.7] AndroidManifest.xml:26:13-68
	android:exported
		ADDED from [androidx.lifecycle:lifecycle-process:2.8.7] AndroidManifest.xml:27:13-37
	android:name
		ADDED from [androidx.lifecycle:lifecycle-process:2.8.7] AndroidManifest.xml:25:13-67
meta-data#androidx.lifecycle.ProcessLifecycleInitializer
ADDED from [androidx.lifecycle:lifecycle-process:2.8.7] AndroidManifest.xml:29:13-31:52
	android:value
		ADDED from [androidx.lifecycle:lifecycle-process:2.8.7] AndroidManifest.xml:31:17-49
	android:name
		ADDED from [androidx.lifecycle:lifecycle-process:2.8.7] AndroidManifest.xml:30:17-78
uses-library#androidx.window.extensions
ADDED from [androidx.window:window:1.2.0] AndroidManifest.xml:23:9-25:40
	android:required
		ADDED from [androidx.window:window:1.2.0] AndroidManifest.xml:25:13-37
	android:name
		ADDED from [androidx.window:window:1.2.0] AndroidManifest.xml:24:13-54
uses-library#androidx.window.sidecar
ADDED from [androidx.window:window:1.2.0] AndroidManifest.xml:26:9-28:40
	android:required
		ADDED from [androidx.window:window:1.2.0] AndroidManifest.xml:28:13-37
	android:name
		ADDED from [androidx.window:window:1.2.0] AndroidManifest.xml:27:13-51
permission#${applicationId}.DYNAMIC_RECEIVER_NOT_EXPORTED_PERMISSION
ADDED from [androidx.core:core:1.15.0] AndroidManifest.xml:22:5-24:47
	android:protectionLevel
		ADDED from [androidx.core:core:1.15.0] AndroidManifest.xml:24:9-44
	android:name
		ADDED from [androidx.core:core:1.15.0] AndroidManifest.xml:23:9-81
permission#com.cinmax.app.dev.DYNAMIC_RECEIVER_NOT_EXPORTED_PERMISSION
ADDED from [androidx.core:core:1.15.0] AndroidManifest.xml:22:5-24:47
	android:protectionLevel
		ADDED from [androidx.core:core:1.15.0] AndroidManifest.xml:24:9-44
	android:name
		ADDED from [androidx.core:core:1.15.0] AndroidManifest.xml:23:9-81
uses-permission#${applicationId}.DYNAMIC_RECEIVER_NOT_EXPORTED_PERMISSION
ADDED from [androidx.core:core:1.15.0] AndroidManifest.xml:26:5-97
	android:name
		ADDED from [androidx.core:core:1.15.0] AndroidManifest.xml:26:22-94
uses-permission#com.cinmax.app.dev.DYNAMIC_RECEIVER_NOT_EXPORTED_PERMISSION
ADDED from [androidx.core:core:1.15.0] AndroidManifest.xml:26:5-97
	android:name
		ADDED from [androidx.core:core:1.15.0] AndroidManifest.xml:26:22-94
meta-data#androidx.profileinstaller.ProfileInstallerInitializer
ADDED from [androidx.profileinstaller:profileinstaller:1.3.1] AndroidManifest.xml:29:13-31:52
	android:value
		ADDED from [androidx.profileinstaller:profileinstaller:1.3.1] AndroidManifest.xml:31:17-49
	android:name
		ADDED from [androidx.profileinstaller:profileinstaller:1.3.1] AndroidManifest.xml:30:17-85
receiver#androidx.profileinstaller.ProfileInstallReceiver
ADDED from [androidx.profileinstaller:profileinstaller:1.3.1] AndroidManifest.xml:34:9-52:20
	android:enabled
		ADDED from [androidx.profileinstaller:profileinstaller:1.3.1] AndroidManifest.xml:37:13-35
	android:exported
		ADDED from [androidx.profileinstaller:profileinstaller:1.3.1] AndroidManifest.xml:38:13-36
	android:permission
		ADDED from [androidx.profileinstaller:profileinstaller:1.3.1] AndroidManifest.xml:39:13-57
	android:directBootAware
		ADDED from [androidx.profileinstaller:profileinstaller:1.3.1] AndroidManifest.xml:36:13-44
	android:name
		ADDED from [androidx.profileinstaller:profileinstaller:1.3.1] AndroidManifest.xml:35:13-76
intent-filter#action:name:androidx.profileinstaller.action.INSTALL_PROFILE
ADDED from [androidx.profileinstaller:profileinstaller:1.3.1] AndroidManifest.xml:40:13-42:29
action#androidx.profileinstaller.action.INSTALL_PROFILE
ADDED from [androidx.profileinstaller:profileinstaller:1.3.1] AndroidManifest.xml:41:17-91
	android:name
		ADDED from [androidx.profileinstaller:profileinstaller:1.3.1] AndroidManifest.xml:41:25-88
intent-filter#action:name:androidx.profileinstaller.action.SKIP_FILE
ADDED from [androidx.profileinstaller:profileinstaller:1.3.1] AndroidManifest.xml:43:13-45:29
action#androidx.profileinstaller.action.SKIP_FILE
ADDED from [androidx.profileinstaller:profileinstaller:1.3.1] AndroidManifest.xml:44:17-85
	android:name
		ADDED from [androidx.profileinstaller:profileinstaller:1.3.1] AndroidManifest.xml:44:25-82
intent-filter#action:name:androidx.profileinstaller.action.SAVE_PROFILE
ADDED from [androidx.profileinstaller:profileinstaller:1.3.1] AndroidManifest.xml:46:13-48:29
action#androidx.profileinstaller.action.SAVE_PROFILE
ADDED from [androidx.profileinstaller:profileinstaller:1.3.1] AndroidManifest.xml:47:17-88
	android:name
		ADDED from [androidx.profileinstaller:profileinstaller:1.3.1] AndroidManifest.xml:47:25-85
intent-filter#action:name:androidx.profileinstaller.action.BENCHMARK_OPERATION
ADDED from [androidx.profileinstaller:profileinstaller:1.3.1] AndroidManifest.xml:49:13-51:29
action#androidx.profileinstaller.action.BENCHMARK_OPERATION
ADDED from [androidx.profileinstaller:profileinstaller:1.3.1] AndroidManifest.xml:50:17-95
	android:name
		ADDED from [androidx.profileinstaller:profileinstaller:1.3.1] AndroidManifest.xml:50:25-92